# JRE version: Java(TM) SE Runtime Environment (8.0_66-b17) (build 1.8.0_66-b17)
# Java VM: Java HotSpot(TM) 64-Bit Server VM (25.66-b17 mixed mode linux-amd64 compressed oops)
Heap:
 PSYoungGen      total 130560K, used 8168K [0x00000000ec780000, 0x00000000f4f80000, 0x0000000100000000)
  eden space 122368K, 0% used [0x00000000ec780000,0x00000000ec780000,0x00000000f3f00000)
  from space 8192K, 99% used [0x00000000f3f00000,0x00000000f46fa290,0x00000000f4700000)
  to   space 7680K, 0% used [0x00000000f4700000,0x00000000f4700000,0x00000000f4e80000)
 ParOldGen       total 40960K, used 17670K [0x00000000c5600000, 0x00000000c7e00000, 0x00000000ec780000)
  object space 40960K, 43% used [0x00000000c5600000,0x00000000c67419d8,0x00000000c7e00000)
 Metaspace       used 20542K, capacity 21118K, committed 21296K, reserved 1069056K
  class space    used 2426K, capacity 2616K, committed 2688K, reserved 1048576K
GC Heap History (10 events):
Event: 3,436 GC heap after
Heap after GC invocations=2 (full 0):
 PSYoungGen      total 33280K, used 2552K [0x00000000ec780000, 0x00000000eea80000, 0x0000000100000000)
  eden space 30720K, 0% used [0x00000000ec780000,0x00000000ec780000,0x00000000ee580000)
  from space 2560K, 99% used [0x00000000ee800000,0x00000000eea7e3f0,0x00000000eea80000)
  to   space 2560K, 0% used [0x00000000ee580000,0x00000000ee580000,0x00000000ee800000)
 ParOldGen       total 40960K, used 716K [0x00000000c5600000, 0x00000000c7e00000, 0x00000000ec780000)
  object space 40960K, 1% used [0x00000000c5600000,0x00000000c56b3098,0x00000000c7e00000)
 Metaspace       used 7659K, capacity 7914K, committed 7936K, reserved 1056768K
  class space    used 962K, capacity 1021K, committed 1024K, reserved 1048576K
}
Event: 5,867 GC heap before
{Heap before GC invocations=3 (full 0):
 PSYoungGen      total 33280K, used 33272K [0x00000000ec780000, 0x00000000eea80000, 0x0000000100000000)
  eden space 30720K, 100% used [0x00000000ec780000,0x00000000ee580000,0x00000000ee580000)
  from space 2560K, 99% used [0x00000000ee800000,0x00000000eea7e3f0,0x00000000eea80000)
  to   space 2560K, 0% used [0x00000000ee580000,0x00000000ee580000,0x00000000ee800000)
 ParOldGen       total 40960K, used 716K [0x00000000c5600000, 0x00000000c7e00000, 0x00000000ec780000)
  object space 40960K, 1% used [0x00000000c5600000,0x00000000c56b3098,0x00000000c7e00000)
 Metaspace       used 12938K, capacity 13262K, committed 13568K, reserved 1060864K
  class space    used 1591K, capacity 1693K, committed 1792K, reserved 1048576K
Event: 5,887 GC heap after
Heap after GC invocations=3 (full 0):
 PSYoungGen      total 33280K, used 2544K [0x00000000ec780000, 0x00000000f0880000, 0x0000000100000000)
  eden space 30720K, 0% used [0x00000000ec780000,0x00000000ec780000,0x00000000ee580000)
  from space 2560K, 99% used [0x00000000ee580000,0x00000000ee7fc030,0x00000000ee800000)
  to   space 2560K, 0% used [0x00000000f0600000,0x00000000f0600000,0x00000000f0880000)
 ParOldGen       total 40960K, used 4866K [0x00000000c5600000, 0x00000000c7e00000, 0x00000000ec780000)
  object space 40960K, 11% used [0x00000000c5600000,0x00000000c5ac0a98,0x00000000c7e00000)
 Metaspace       used 12938K, capacity 13262K, committed 13568K, reserved 1060864K
  class space    used 1591K, capacity 1693K, committed 1792K, reserved 1048576K
}
Event: 7,442 GC heap before
{Heap before GC invocations=4 (full 0):
 PSYoungGen      total 33280K, used 33264K [0x00000000ec780000, 0x00000000f0880000, 0x0000000100000000)
  eden space 30720K, 100% used [0x00000000ec780000,0x00000000ee580000,0x00000000ee580000)
  from space 2560K, 99% used [0x00000000ee580000,0x00000000ee7fc030,0x00000000ee800000)
  to   space 2560K, 0% used [0x00000000f0600000,0x00000000f0600000,0x00000000f0880000)
 ParOldGen       total 40960K, used 4866K [0x00000000c5600000, 0x00000000c7e00000, 0x00000000ec780000)
  object space 40960K, 11% used [0x00000000c5600000,0x00000000c5ac0a98,0x00000000c7e00000)
 Metaspace       used 13442K, capacity 13842K, committed 14080K, reserved 1060864K
  class space    used 1630K, capacity 1731K, committed 1792K, reserved 1048576K
Event: 7,491 GC heap after
Heap after GC invocations=4 (full 0):
 PSYoungGen      total 64000K, used 2560K [0x00000000ec780000, 0x00000000f0880000, 0x0000000100000000)
  eden space 61440K, 0% used [0x00000000ec780000,0x00000000ec780000,0x00000000f0380000)
  from space 2560K, 100% used [0x00000000f0600000,0x00000000f0880000,0x00000000f0880000)
  to   space 2560K, 0% used [0x00000000f0380000,0x00000000f0380000,0x00000000f0600000)
 ParOldGen       total 40960K, used 7260K [0x00000000c5600000, 0x00000000c7e00000, 0x00000000ec780000)
  object space 40960K, 17% used [0x00000000c5600000,0x00000000c5d171f8,0x00000000c7e00000)
 Metaspace       used 13442K, capacity 13842K, committed 14080K, reserved 1060864K
  class space    used 1630K, capacity 1731K, committed 1792K, reserved 1048576K
}
Event: 16,580 GC heap before
{Heap before GC invocations=5 (full 0):
 PSYoungGen      total 64000K, used 64000K [0x00000000ec780000, 0x00000000f0880000, 0x0000000100000000)
  eden space 61440K, 100% used [0x00000000ec780000,0x00000000f0380000,0x00000000f0380000)
  from space 2560K, 100% used [0x00000000f0600000,0x00000000f0880000,0x00000000f0880000)
  to   space 2560K, 0% used [0x00000000f0380000,0x00000000f0380000,0x00000000f0600000)
 ParOldGen       total 40960K, used 7260K [0x00000000c5600000, 0x00000000c7e00000, 0x00000000ec780000)
  object space 40960K, 17% used [0x00000000c5600000,0x00000000c5d171f8,0x00000000c7e00000)
 Metaspace       used 14277K, capacity 14676K, committed 14976K, reserved 1062912K
  class space    used 1704K, capacity 1810K, committed 1920K, reserved 1048576K
Event: 16,623 GC heap after
Heap after GC invocations=5 (full 0):
 PSYoungGen      total 64000K, used 2560K [0x00000000ec780000, 0x00000000f4e80000, 0x0000000100000000)
  eden space 61440K, 0% used [0x00000000ec780000,0x00000000ec780000,0x00000000f0380000)
  from space 2560K, 100% used [0x00000000f0380000,0x00000000f0600000,0x00000000f0600000)
  to   space 7680K, 0% used [0x00000000f4700000,0x00000000f4700000,0x00000000f4e80000)
 ParOldGen       total 40960K, used 10270K [0x00000000c5600000, 0x00000000c7e00000, 0x00000000ec780000)
  object space 40960K, 25% used [0x00000000c5600000,0x00000000c60078c8,0x00000000c7e00000)
 Metaspace       used 14277K, capacity 14676K, committed 14976K, reserved 1062912K
  class space    used 1704K, capacity 1810K, committed 1920K, reserved 1048576K
}
Event: 33,363 GC heap before
{Heap before GC invocations=6 (full 0):
 PSYoungGen      total 64000K, used 64000K [0x00000000ec780000, 0x00000000f4e80000, 0x0000000100000000)
  eden space 61440K, 100% used [0x00000000ec780000,0x00000000f0380000,0x00000000f0380000)
  from space 2560K, 100% used [0x00000000f0380000,0x00000000f0600000,0x00000000f0600000)
  to   space 7680K, 0% used [0x00000000f4700000,0x00000000f4700000,0x00000000f4e80000)
 ParOldGen       total 40960K, used 10270K [0x00000000c5600000, 0x00000000c7e00000, 0x00000000ec780000)
  object space 40960K, 25% used [0x00000000c5600000,0x00000000c60078c8,0x00000000c7e00000)
 Metaspace       used 15345K, capacity 15908K, committed 16128K, reserved 1062912K
  class space    used 1787K, capacity 1922K, committed 2048K, reserved 1048576K
Event: 33,418 GC heap after
Heap after GC invocations=6 (full 0):
 PSYoungGen      total 130048K, used 6254K [0x00000000ec780000, 0x00000000f4f80000, 0x0000000100000000)
  eden space 122368K, 0% used [0x00000000ec780000,0x00000000ec780000,0x00000000f3f00000)
  from space 7680K, 81% used [0x00000000f4700000,0x00000000f4d1b978,0x00000000f4e80000)
  to   space 8192K, 0% used [0x00000000f3f00000,0x00000000f3f00000,0x00000000f4700000)
 ParOldGen       total 40960K, used 10278K [0x00000000c5600000, 0x00000000c7e00000, 0x00000000ec780000)
  object space 40960K, 25% used [0x00000000c5600000,0x00000000c60098c8,0x00000000c7e00000)
 Metaspace       used 15345K, capacity 15908K, committed 16128K, reserved 1062912K
  class space    used 1787K, capacity 1922K, committed 2048K, reserved 1048576K
}
Event: 120,346 GC heap before
{Heap before GC invocations=7 (full 0):
 PSYoungGen      total 130048K, used 66034K [0x00000000ec780000, 0x00000000f4f80000, 0x0000000100000000)
  eden space 122368K, 48% used [0x00000000ec780000,0x00000000f01e1178,0x00000000f3f00000)
  from space 7680K, 81% used [0x00000000f4700000,0x00000000f4d1b978,0x00000000f4e80000)
  to   space 8192K, 0% used [0x00000000f3f00000,0x00000000f3f00000,0x00000000f4700000)
 ParOldGen       total 40960K, used 10278K [0x00000000c5600000, 0x00000000c7e00000, 0x00000000ec780000)
  object space 40960K, 25% used [0x00000000c5600000,0x00000000c60098c8,0x00000000c7e00000)
 Metaspace       used 20542K, capacity 21118K, committed 21296K, reserved 1069056K
  class space    used 2426K, capacity 2616K, committed 2688K, reserved 1048576K

